<?xml version="1.0" encoding="UTF-8"?>
<testsuite xmlns:xsi="http://www.w3.org/2001/XMLSchema-instance" xsi:noNamespaceSchemaLocation="https://maven.apache.org/surefire/maven-surefire-plugin/xsd/surefire-test-report.xsd" version="3.0.2" name="com.example.service_discovery_reserva.ServiceDiscoveryReservaApplicationTests" time="6.902" tests="1" errors="0" skipped="0" failures="0">
  <properties>
[...]
</properties>
  <testcase name="contextLoads" classname="com.example.service_discovery_reserva.ServiceDiscoveryReservaApplicationTests" time="0.998">
    <system-out><![CDATA[Standard Commons Logging discovery in action with spring-jcl: please remove commons-logging.jar from classpath in order to avoid potential conflicts
23:47:44.356 [main] INFO org.springframework.test.context.support.AnnotationConfigContextLoaderUtils -- Could not detect default configuration classes for test class [com.example.service_discovery_reserva.ServiceDiscoveryReservaApplicationTests]: ServiceDiscoveryReservaApplicationTests does not declare any static, non-private, non-final, nested classes annotated with @Configuration.
23:47:44.504 [main] INFO org.springframework.boot.test.context.SpringBootTestContextBootstrapper -- Found @SpringBootConfiguration com.example.service_discovery_reserva.ServiceDiscoveryReservaApplication for test class com.example.service_discovery_reserva.ServiceDiscoveryReservaApplicationTests

  _____  _
 |  __ \(_)
 | |  | |_ ___  ___ _____   _____ _ __ _   _
 | |  | | / __|/ __/ _ \ \ / / _ \ '__| | | |
 | |__| | \__ \ (_| (_) \ V /  __/ |  | |_| |
 |_____/|_|___/\___\___/ \_/ \___|_|   \__, |
                                        __/ |
                                       |___/

:: Spring Boot ::                (v3.4.1)

2025-01-21T23:47:45.390-03:00  INFO 28888 --- [discovery] [           main] .ServiceDiscoveryReservaApplicationTests : Starting ServiceDiscoveryReservaApplicationTests using Java 21.0.4 with PID 28888 (started by rafae in C:\Users\rafae\OneDrive\Área de Trabalho\Hotel - Reserva\discovery-reserva)
2025-01-21T23:47:45.396-03:00  INFO 28888 --- [discovery] [           main] .ServiceDiscoveryReservaApplicationTests : No active profile set, falling back to 1 default profile: "default"
2025-01-21T23:47:47.061-03:00  INFO 28888 --- [discovery] [           main] o.s.cloud.context.scope.GenericScope     : BeanFactory id=e20a7903-75ef-3f35-93ec-9abe283d9b39
2025-01-21T23:47:47.680-03:00  INFO 28888 --- [discovery] [           main] o.s.v.b.OptionalValidatorFactoryBean     : Failed to set up a Bean Validation provider: jakarta.validation.NoProviderFoundException: Unable to create a Configuration, because no Jakarta Bean Validation provider could be found. Add a provider like Hibernate Validator (RI) to your classpath.
2025-01-21T23:47:48.947-03:00  WARN 28888 --- [discovery] [           main] iguration$LoadBalancerCaffeineWarnLogger : Spring Cloud LoadBalancer is currently working with the default cache. While this cache implementation is useful for development and tests, it's recommended to use Caffeine cache in production.You can switch to using Caffeine cache, by adding it and org.springframework.cache.caffeine.CaffeineCacheManager to the classpath.
2025-01-21T23:47:49.252-03:00  INFO 28888 --- [discovery] [           main] o.s.c.n.eureka.InstanceInfoFactory       : Setting initial instance status as: STARTING
2025-01-21T23:47:49.283-03:00  INFO 28888 --- [discovery] [           main] com.netflix.discovery.DiscoveryClient    : Initializing Eureka in region us-east-1
2025-01-21T23:47:49.284-03:00  INFO 28888 --- [discovery] [           main] com.netflix.discovery.DiscoveryClient    : Client configured to neither register nor query for data.
2025-01-21T23:47:49.287-03:00  INFO 28888 --- [discovery] [           main] com.netflix.discovery.DiscoveryClient    : Discovery Client initialized at timestamp 1737514069285 with initial instances count: 0
2025-01-21T23:47:49.349-03:00  INFO 28888 --- [discovery] [           main] c.n.eureka.DefaultEurekaServerContext    : Initializing ...
2025-01-21T23:47:49.351-03:00  INFO 28888 --- [discovery] [           main] c.n.eureka.cluster.PeerEurekaNodes       : Adding new peer nodes [http://localhost:5050/eureka/]
2025-01-21T23:47:49.551-03:00  INFO 28888 --- [discovery] [           main] c.n.d.provider.DiscoveryJerseyProvider   : Using JSON encoding codec LegacyJacksonJson
2025-01-21T23:47:49.552-03:00  INFO 28888 --- [discovery] [           main] c.n.d.provider.DiscoveryJerseyProvider   : Using JSON decoding codec LegacyJacksonJson
2025-01-21T23:47:49.552-03:00  INFO 28888 --- [discovery] [           main] c.n.d.provider.DiscoveryJerseyProvider   : Using XML encoding codec XStreamXml
2025-01-21T23:47:49.552-03:00  INFO 28888 --- [discovery] [           main] c.n.d.provider.DiscoveryJerseyProvider   : Using XML decoding codec XStreamXml
2025-01-21T23:47:49.629-03:00  INFO 28888 --- [discovery] [           main] c.n.eureka.cluster.PeerEurekaNodes       : Replica node URL:  http://localhost:5050/eureka/
2025-01-21T23:47:49.637-03:00  INFO 28888 --- [discovery] [           main] c.n.e.registry.AbstractInstanceRegistry  : Finished initializing remote region registries. All known remote regions: []
2025-01-21T23:47:49.637-03:00  INFO 28888 --- [discovery] [           main] c.n.eureka.DefaultEurekaServerContext    : Initialized
2025-01-21T23:47:49.767-03:00  INFO 28888 --- [discovery] [           main] o.s.b.a.e.web.EndpointLinksResolver      : Exposing 1 endpoint beneath base path '/actuator'
2025-01-21T23:47:49.840-03:00  INFO 28888 --- [discovery] [           main] o.s.c.n.e.s.EurekaServiceRegistry        : Registering application DISCOVERY with eureka with status UP
2025-01-21T23:47:49.859-03:00  INFO 28888 --- [discovery] [           main] .ServiceDiscoveryReservaApplicationTests : Started ServiceDiscoveryReservaApplicationTests in 4.903 seconds (process running for 6.497)
2025-01-21T23:47:49.859-03:00  INFO 28888 --- [discovery] [      Thread-10] o.s.c.n.e.server.EurekaServerBootstrap   : isAws returned false
2025-01-21T23:47:49.861-03:00  INFO 28888 --- [discovery] [      Thread-10] o.s.c.n.e.server.EurekaServerBootstrap   : Initialized server context
2025-01-21T23:47:49.861-03:00  INFO 28888 --- [discovery] [      Thread-10] c.n.e.r.PeerAwareInstanceRegistryImpl    : Got 1 instances from neighboring DS node
2025-01-21T23:47:49.861-03:00  INFO 28888 --- [discovery] [      Thread-10] c.n.e.r.PeerAwareInstanceRegistryImpl    : Renew threshold is: 1
2025-01-21T23:47:49.861-03:00  INFO 28888 --- [discovery] [      Thread-10] c.n.e.r.PeerAwareInstanceRegistryImpl    : Changing status to UP
2025-01-21T23:47:49.866-03:00  INFO 28888 --- [discovery] [      Thread-10] e.s.EurekaServerInitializerConfiguration : Started Eureka Server
]]></system-out>
    <system-err><![CDATA[Mockito is currently self-attaching to enable the inline-mock-maker. This will no longer work in future releases of the JDK. Please add Mockito as an agent to your build what is described in Mockito's documentation: https://javadoc.io/doc/org.mockito/mockito-core/latest/org/mockito/Mockito.html#0.3
WARNING: A Java agent has been loaded dynamically (C:\Users\rafae\.m2\repository\net\bytebuddy\byte-buddy-agent\1.15.11\byte-buddy-agent-1.15.11.jar)
WARNING: If a serviceability tool is in use, please run with -XX:+EnableDynamicAgentLoading to hide this warning
WARNING: If a serviceability tool is not in use, please run with -Djdk.instrument.traceUsage for more information
WARNING: Dynamic loading of agents will be disallowed by default in a future release
]]></system-err>
  </testcase>
</testsuite>